<?xml version="1.0" encoding="UTF-8" ?>
<testsuite tests="6" failures="3" name="br.masmangan.beecrowd.bee1007.RunCucumberTest" time="0.628" errors="0" skipped="0">
  <properties>
    <property name="java.runtime.name" value="OpenJDK Runtime Environment"/>
    <property name="java.vm.version" value="17.0.2+8"/>
    <property name="sun.boot.library.path" value="C:\Program Files\Eclipse Adoptium\jdk-17.0.2.8-hotspot\bin"/>
    <property name="maven.multiModuleProjectDirectory" value="C:\Users\lpasq\PUCRS\2022 - 2º Semestre\Métodos e Modelos\t1-exemplo\java-cucumber"/>
    <property name="java.vm.vendor" value="Eclipse Adoptium"/>
    <property name="java.vendor.url" value="https://adoptium.net/"/>
    <property name="guice.disable.misplaced.annotation.check" value="true"/>
    <property name="path.separator" value=";"/>
    <property name="java.vm.name" value="OpenJDK 64-Bit Server VM"/>
    <property name="sun.os.patch.level" value=""/>
    <property name="user.script" value=""/>
    <property name="user.country" value="BR"/>
    <property name="sun.java.launcher" value="SUN_STANDARD"/>
    <property name="java.vm.specification.name" value="Java Virtual Machine Specification"/>
    <property name="user.dir" value="C:\Users\lpasq\PUCRS\2022 - 2º Semestre\Métodos e Modelos\t1-exemplo\java-cucumber"/>
    <property name="java.vm.compressedOopsMode" value="32-bit"/>
    <property name="java.runtime.version" value="17.0.2+8"/>
    <property name="os.arch" value="amd64"/>
    <property name="java.io.tmpdir" value="C:\Users\lpasq\AppData\Local\Temp\"/>
    <property name="line.separator" value="
"/>
    <property name="java.vm.specification.vendor" value="Oracle Corporation"/>
    <property name="user.variant" value=""/>
    <property name="os.name" value="Windows 11"/>
    <property name="classworlds.conf" value="C:\maven\bin\m2.conf"/>
    <property name="sun.jnu.encoding" value="Cp1252"/>
    <property name="java.library.path" value="C:\Program Files\Eclipse Adoptium\jdk-17.0.2.8-hotspot\bin;C:\Windows\Sun\Java\bin;C:\Windows\system32;C:\Windows;C:\Program Files\Eclipse Adoptium\jdk-17.0.2.8-hotspot\bin;C:\Windows\system32;C:\Windows;C:\Windows\System32\Wbem;C:\Windows\System32\WindowsPowerShell\v1.0\;C:\Windows\System32\OpenSSH\;C:\Program Files\dotnet\;C:\Program Files\Git\cmd;C:\Program Files\nodejs\;C:\maven\bin;C:\Users\lpasq\AppData\Local\Microsoft\WindowsApps;C:\Users\lpasq\.dotnet\tools;C:\Users\lpasq\AppData\Local\Programs\Microsoft VS Code\bin;C:\Users\lpasq\AppData\Roaming\npm;."/>
    <property name="maven.conf" value="C:\maven/conf"/>
    <property name="jdk.debug" value="release"/>
    <property name="java.class.version" value="61.0"/>
    <property name="java.specification.name" value="Java Platform API Specification"/>
    <property name="sun.management.compiler" value="HotSpot 64-Bit Tiered Compilers"/>
    <property name="os.version" value="10.0"/>
    <property name="library.jansi.path" value="C:\maven\lib\jansi-native"/>
    <property name="user.home" value="C:\Users\lpasq"/>
    <property name="user.timezone" value="America/Sao_Paulo"/>
    <property name="file.encoding" value="Cp1252"/>
    <property name="java.specification.version" value="17"/>
    <property name="user.name" value="lpasq"/>
    <property name="java.class.path" value="C:\maven\boot\plexus-classworlds-2.6.0.jar"/>
    <property name="java.vm.specification.version" value="17"/>
    <property name="sun.arch.data.model" value="64"/>
    <property name="sun.java.command" value="org.codehaus.plexus.classworlds.launcher.Launcher test"/>
    <property name="java.home" value="C:\Program Files\Eclipse Adoptium\jdk-17.0.2.8-hotspot"/>
    <property name="user.language" value="pt"/>
    <property name="java.specification.vendor" value="Oracle Corporation"/>
    <property name="java.vm.info" value="mixed mode, sharing"/>
    <property name="java.version" value="17.0.2"/>
    <property name="native.encoding" value="Cp1252"/>
    <property name="java.vendor" value="Eclipse Adoptium"/>
    <property name="sun.stderr.encoding" value="cp850"/>
    <property name="maven.home" value="C:\maven"/>
    <property name="file.separator" value="\"/>
    <property name="java.version.date" value="2022-01-18"/>
    <property name="java.vendor.url.bug" value="https://github.com/adoptium/adoptium-support/issues"/>
    <property name="sun.io.unicode.encoding" value="UnicodeLittle"/>
    <property name="sun.cpu.endian" value="little"/>
    <property name="java.vendor.version" value="Temurin-17.0.2+8"/>
    <property name="sun.stdout.encoding" value="cp850"/>
    <property name="sun.cpu.isalist" value="amd64"/>
  </properties>
  <testcase classname="Product" name="calculate average of three numbers #1" time="0.33"/>
  <testcase classname="Product" name="calculate average of three numbers #2" time="0.059"/>
  <testcase classname="Product" name="calculate average of three numbers #3" time="0.109"/>
  <testcase classname="Bee1007 CLI" name="Run program with input #1" time="0.108">
    <failure message="expected:&lt;DIFERENCA = -26[]&gt; but was:&lt;DIFERENCA = -26[
]&gt;" type="org.junit.ComparisonFailure">org.junit.ComparisonFailure: expected:&lt;DIFERENCA = -26[]&gt; but was:&lt;DIFERENCA = -26[
]&gt;
	at org.junit.Assert.assertEquals(Assert.java:117)
	at org.junit.Assert.assertEquals(Assert.java:146)
	at br.masmangan.beecrowd.bee1007.Bee1007Steps.output_should_be(Bee1007Steps.java:49)
	at ✽.output should be(classpath:br/masmangan/beecrowd/bee1007/bee1007.feature:39)
</failure>
    <system-out>
@system
Scenario: Run program with input &amp;#27;[90m# br/masmangan/beecrowd/bee1007/bee1007.feature:29&amp;#27;[0m
  &amp;#27;[32mGiven &amp;#27;[0m&amp;#27;[32minput is&amp;#27;[0m                 &amp;#27;[90m# br.masmangan.beecrowd.bee1007.Bee1007Steps.input_is(java.lang.String)&amp;#27;[0m
  &amp;#27;[32mWhen &amp;#27;[0m&amp;#27;[32mprogram runs&amp;#27;[0m              &amp;#27;[90m# br.masmangan.beecrowd.bee1007.Bee1007Steps.program_runs()&amp;#27;[0m
  &amp;#27;[31mThen &amp;#27;[0m&amp;#27;[31moutput should be&amp;#27;[0m          &amp;#27;[90m# br.masmangan.beecrowd.bee1007.Bee1007Steps.output_should_be(java.lang.String)&amp;#27;[0m
      &amp;#27;[31morg.junit.ComparisonFailure: expected:&lt;DIFERENCA = -26[]&gt; but was:&lt;DIFERENCA = -26[
]&gt;
	at org.junit.Assert.assertEquals(Assert.java:117)
	at org.junit.Assert.assertEquals(Assert.java:146)
	at br.masmangan.beecrowd.bee1007.Bee1007Steps.output_should_be(Bee1007Steps.java:49)
	at âœ½.output should be(classpath:br/masmangan/beecrowd/bee1007/bee1007.feature:39)
&amp;#27;[0m
</system-out>
  </testcase>
  <testcase classname="Bee1007 CLI" name="Run program with input #2" time="0.013">
    <failure message="expected:&lt;DIFERENCA = -56[]&gt; but was:&lt;DIFERENCA = -56[
]&gt;" type="org.junit.ComparisonFailure">org.junit.ComparisonFailure: expected:&lt;DIFERENCA = -56[]&gt; but was:&lt;DIFERENCA = -56[
]&gt;
	at org.junit.Assert.assertEquals(Assert.java:117)
	at org.junit.Assert.assertEquals(Assert.java:146)
	at br.masmangan.beecrowd.bee1007.Bee1007Steps.output_should_be(Bee1007Steps.java:49)
	at ✽.output should be(classpath:br/masmangan/beecrowd/bee1007/bee1007.feature:54)
</failure>
    <system-out>
@system
Scenario: Run program with input &amp;#27;[90m# br/masmangan/beecrowd/bee1007/bee1007.feature:44&amp;#27;[0m
  &amp;#27;[32mGiven &amp;#27;[0m&amp;#27;[32minput is&amp;#27;[0m                 &amp;#27;[90m# br.masmangan.beecrowd.bee1007.Bee1007Steps.input_is(java.lang.String)&amp;#27;[0m
  &amp;#27;[32mWhen &amp;#27;[0m&amp;#27;[32mprogram runs&amp;#27;[0m              &amp;#27;[90m# br.masmangan.beecrowd.bee1007.Bee1007Steps.program_runs()&amp;#27;[0m
  &amp;#27;[31mThen &amp;#27;[0m&amp;#27;[31moutput should be&amp;#27;[0m          &amp;#27;[90m# br.masmangan.beecrowd.bee1007.Bee1007Steps.output_should_be(java.lang.String)&amp;#27;[0m
      &amp;#27;[31morg.junit.ComparisonFailure: expected:&lt;DIFERENCA = -56[]&gt; but was:&lt;DIFERENCA = -56[
]&gt;
	at org.junit.Assert.assertEquals(Assert.java:117)
	at org.junit.Assert.assertEquals(Assert.java:146)
	at br.masmangan.beecrowd.bee1007.Bee1007Steps.output_should_be(Bee1007Steps.java:49)
	at âœ½.output should be(classpath:br/masmangan/beecrowd/bee1007/bee1007.feature:54)
&amp;#27;[0m
</system-out>
  </testcase>
  <testcase classname="Bee1007 CLI" name="Run program with input #3" time="0.009">
    <failure message="expected:&lt;DIFERENCA = 86[]&gt; but was:&lt;DIFERENCA = 86[
]&gt;" type="org.junit.ComparisonFailure">org.junit.ComparisonFailure: expected:&lt;DIFERENCA = 86[]&gt; but was:&lt;DIFERENCA = 86[
]&gt;
	at org.junit.Assert.assertEquals(Assert.java:117)
	at org.junit.Assert.assertEquals(Assert.java:146)
	at br.masmangan.beecrowd.bee1007.Bee1007Steps.output_should_be(Bee1007Steps.java:49)
	at ✽.output should be(classpath:br/masmangan/beecrowd/bee1007/bee1007.feature:69)
</failure>
    <system-out>
@system
Scenario: Run program with input &amp;#27;[90m# br/masmangan/beecrowd/bee1007/bee1007.feature:59&amp;#27;[0m
  &amp;#27;[32mGiven &amp;#27;[0m&amp;#27;[32minput is&amp;#27;[0m                 &amp;#27;[90m# br.masmangan.beecrowd.bee1007.Bee1007Steps.input_is(java.lang.String)&amp;#27;[0m
  &amp;#27;[32mWhen &amp;#27;[0m&amp;#27;[32mprogram runs&amp;#27;[0m              &amp;#27;[90m# br.masmangan.beecrowd.bee1007.Bee1007Steps.program_runs()&amp;#27;[0m
  &amp;#27;[31mThen &amp;#27;[0m&amp;#27;[31moutput should be&amp;#27;[0m          &amp;#27;[90m# br.masmangan.beecrowd.bee1007.Bee1007Steps.output_should_be(java.lang.String)&amp;#27;[0m
      &amp;#27;[31morg.junit.ComparisonFailure: expected:&lt;DIFERENCA = 86[]&gt; but was:&lt;DIFERENCA = 86[
]&gt;
	at org.junit.Assert.assertEquals(Assert.java:117)
	at org.junit.Assert.assertEquals(Assert.java:146)
	at br.masmangan.beecrowd.bee1007.Bee1007Steps.output_should_be(Bee1007Steps.java:49)
	at âœ½.output should be(classpath:br/masmangan/beecrowd/bee1007/bee1007.feature:69)
&amp;#27;[0m
</system-out>
  </testcase>
</testsuite>